<?xml version="1.0" encoding="UTF-8"?>
<testsuite name="Test" tests="10" skipped="0" failures="0" errors="0" timestamp="2024-02-25T16:51:45" hostname="LAPTOP-PANUHIN" time="1.217">
  <properties/>
  <testcase name="cardSequenceGeneratorTestClassTest()" classname="Test" time="0.743"/>
  <testcase name="getHistoryMethodTest()" classname="Test" time="0.065"/>
  <testcase name="randomCardGeneratorMethodTest()" classname="Test" time="0.072"/>
  <testcase name="statTestClassTest()" classname="Test" time="0.094"/>
  <testcase name="statServiceTestClassTest()" classname="Test" time="0.02"/>
  <testcase name="getNextCardMethodTest()" classname="Test" time="0.029"/>
  <testcase name="startNewGameMethodTest()" classname="Test" time="0.022"/>
  <testcase name="cardTestClassTest()" classname="Test" time="0.077"/>
  <testcase name="saveMethodTest()" classname="Test" time="0.057"/>
  <testcase name="cardServiceTest()" classname="Test" time="0.017"/>
  <system-out><![CDATA[]]></system-out>
  <system-err><![CDATA[]]></system-err>
</testsuite>
