<?xml version="1.0" encoding="UTF-8"?>
<testsuite name="Test" tests="15" skipped="0" failures="0" errors="0" timestamp="2024-02-21T01:33:29" hostname="LAPTOP-PANUHIN" time="1.284">
  <properties/>
  <testcase name="teamTeamServiceTest()" classname="Test" time="0.905"/>
  <testcase name="gameResultsServiceTest()" classname="Test" time="0.04"/>
  <testcase name="identifierFactoryClassTest()" classname="Test" time="0.016"/>
  <testcase name="getAllGameResultsMethodTest()" classname="Test" time="0.011"/>
  <testcase name="generateCardsMethodTest()" classname="Test" time="0.038"/>
  <testcase name="cardTest()" classname="Test" time="0.065"/>
  <testcase name="teamClassTest()" classname="Test" time="0.012"/>
  <testcase name="[1] words=[], expected=[]" classname="Test" time="0.052"/>
  <testcase name="[2] words=[dog], expected=[Word(word=dog)]" classname="Test" time="0.002"/>
  <testcase name="[3] words=[dog, cat], expected=[Word(word=dog), Word(word=cat)]" classname="Test" time="0.002"/>
  <testcase name="generateTeamsForOneRoundMethodTest()" classname="Test" time="0.003"/>
  <testcase name="saveGameResultsMethodTest()" classname="Test" time="0.006"/>
  <testcase name="uniqueIdentifierMethodTest()" classname="Test" time="0.001"/>
  <testcase name="getCardByIndexMethodTest()" classname="Test" time="0.013"/>
  <testcase name="cardServiceTest()" classname="Test" time="0.031"/>
  <system-out><![CDATA[]]></system-out>
  <system-err><![CDATA[]]></system-err>
</testsuite>
